Logfile initialized
[INFO] logfile = C:\Users\Naren\My Documents\Titanium Studio Workspace\designbook_1\build.log
[DEBUG] C:\Users\Naren\AppData\Roaming\Titanium\mobilesdk\win32\1.8.1\android\builder.py simulator designbook_1 C:\Software\android-sdk-windows C:\Users\Naren\My Documents\Titanium Studio Workspace\designbook_1 com.designbook.mobile 4 WVGA854
[INFO] Building designbook_1 for Android ... one moment
[INFO] Titanium SDK version: 1.8.1 (01/27/12 17:31 a24502a)
[DEBUG] Waiting for device to be ready ...
[TRACE] adb devices returned 1 devices/emulators
[DEBUG] Device connected... (waited 0 seconds)
[DEBUG] waited 0.323000 seconds on emulator to get ready
[DEBUG] com.designbook.mobile installed? True
[INFO] Fastdev server running, deploying in Fastdev mode
[INFO] Copying project resources..
[TRACE] COPYING MODIFIED FILE: C:\Users\Naren\My Documents\Titanium Studio Workspace\designbook_1\Resources\ui\CameraView.js => C:\Users\Naren\My Documents\Titanium Studio Workspace\designbook_1\build\android\bin\assets\Resources\ui\CameraView.js
[INFO] Tiapp.xml unchanged, skipping class generation
[DEBUG] Processing Android resource drawables
[DEBUG] found drawable-long-land-hdpi splash screen at C:\Users\Naren\My Documents\Titanium Studio Workspace\designbook_1\Resources\android\images\res-long-land-hdpi\default.png
[DEBUG] found drawable-long-land-ldpi splash screen at C:\Users\Naren\My Documents\Titanium Studio Workspace\designbook_1\Resources\android\images\res-long-land-ldpi\default.png
[DEBUG] found drawable-long-port-hdpi splash screen at C:\Users\Naren\My Documents\Titanium Studio Workspace\designbook_1\Resources\android\images\res-long-port-hdpi\default.png
[DEBUG] found drawable-long-port-ldpi splash screen at C:\Users\Naren\My Documents\Titanium Studio Workspace\designbook_1\Resources\android\images\res-long-port-ldpi\default.png
[DEBUG] found drawable-notlong-land-hdpi splash screen at C:\Users\Naren\My Documents\Titanium Studio Workspace\designbook_1\Resources\android\images\res-notlong-land-hdpi\default.png
[DEBUG] found drawable-notlong-land-ldpi splash screen at C:\Users\Naren\My Documents\Titanium Studio Workspace\designbook_1\Resources\android\images\res-notlong-land-ldpi\default.png
[DEBUG] found drawable-notlong-land-mdpi splash screen at C:\Users\Naren\My Documents\Titanium Studio Workspace\designbook_1\Resources\android\images\res-notlong-land-mdpi\default.png
[DEBUG] found drawable-notlong-port-hdpi splash screen at C:\Users\Naren\My Documents\Titanium Studio Workspace\designbook_1\Resources\android\images\res-notlong-port-hdpi\default.png
[DEBUG] found drawable-notlong-port-ldpi splash screen at C:\Users\Naren\My Documents\Titanium Studio Workspace\designbook_1\Resources\android\images\res-notlong-port-ldpi\default.png
[DEBUG] found drawable-notlong-port-mdpi splash screen at C:\Users\Naren\My Documents\Titanium Studio Workspace\designbook_1\Resources\android\images\res-notlong-port-mdpi\default.png
[INFO] Waiting for SDCard to become available..
[INFO] Re-launching application ... designbook_1
[INFO] Launching application ... designbook_1
[TRACE] Launch output: Starting: Intent { act=android.intent.action.MAIN cat=[android.intent.category.LAUNCHER] cmp=com.designbook.mobile/.Designbook_1Activity }
Warning: Activity not started, its current task has been brought to the front

